============================= test session starts ==============================
platform darwin -- Python 3.12.13, pytest-7.4.0, pluggy-1.6.0 -- /Users/joaquinalmora/Desktop/capstone-project-team-7-issue383/backend/.venv/bin/python3.12
cachedir: .pytest_cache
rootdir: /Users/joaquinalmora/Desktop/capstone-project-team-7-issue383
configfile: pytest.ini
plugins: anyio-4.12.1, asyncio-0.21.0
asyncio: mode=Mode.STRICT
collecting ... collected 4 items

../tests/test_logout.py::test_logout_returns_200_with_valid_token PASSED [ 25%]
../tests/test_logout.py::test_logout_handles_invalid_token_gracefully PASSED [ 50%]
../tests/test_logout.py::test_sign_out_method_calls_supabase_logout_endpoint PASSED [ 75%]
../tests/test_logout.py::test_logout_with_empty_token_fails PASSED       [100%]

============================== 4 passed in 0.39s ===============================
